Compiling the C compiler identification source file "CMakeCCompilerId.c" failed.
Compiler: /Users/zhouji/anaconda3/envs/Bayes/bin/x86_64-apple-darwin13.4.0-clang 
Build flags: -march=core2;-mtune=haswell;-mssse3;-ftree-vectorize;-fPIC;-fPIE;-fstack-protector-strong;-O2;-pipe
Id flags:  

The output was:
1
ld: warning: ignoring file /Library/Developer/CommandLineTools/SDKs/MacOSX.sdk/usr/lib/libSystem.tbd, file was built for unsupported file format ( 0x2D 0x2D 0x2D 0x20 0x21 0x74 0x61 0x70 0x69 0x2D 0x74 0x62 0x64 0x2D 0x76 0x33 ) which is not the architecture being linked (x86_64): /Library/Developer/CommandLineTools/SDKs/MacOSX.sdk/usr/lib/libSystem.tbd
ld: dynamic main executables must link with libSystem.dylib for architecture x86_64
clang-4.0: error: linker command failed with exit code 1 (use -v to see invocation)


Determining if the C compiler works failed with the following output:
Change Dir: /Users/zhouji/Documents/repository1/src/gimli/build/CMakeFiles/CMakeTmp

Run Build Command(s):/usr/bin/make cmTC_f592c/fast && /Library/Developer/CommandLineTools/usr/bin/make -f CMakeFiles/cmTC_f592c.dir/build.make CMakeFiles/cmTC_f592c.dir/build
Building C object CMakeFiles/cmTC_f592c.dir/testCCompiler.c.o
/Users/zhouji/anaconda3/envs/Bayes/bin/x86_64-apple-darwin13.4.0-clang   -march=core2 -mtune=haswell -mssse3 -ftree-vectorize -fPIC -fPIE -fstack-protector-strong -O2 -pipe  -isysroot /Library/Developer/CommandLineTools/SDKs/MacOSX10.14.sdk   -o CMakeFiles/cmTC_f592c.dir/testCCompiler.c.o   -c /Users/zhouji/Documents/repository1/src/gimli/build/CMakeFiles/CMakeTmp/testCCompiler.c
Linking C executable cmTC_f592c
/opt/local/bin/cmake -E cmake_link_script CMakeFiles/cmTC_f592c.dir/link.txt --verbose=1
/Users/zhouji/anaconda3/envs/Bayes/bin/x86_64-apple-darwin13.4.0-clang -march=core2 -mtune=haswell -mssse3 -ftree-vectorize -fPIC -fPIE -fstack-protector-strong -O2 -pipe  -isysroot /Library/Developer/CommandLineTools/SDKs/MacOSX10.14.sdk -Wl,-search_paths_first -Wl,-headerpad_max_install_names -Wl,-pie -Wl,-headerpad_max_install_names -Wl,-dead_strip_dylibs  CMakeFiles/cmTC_f592c.dir/testCCompiler.c.o  -o cmTC_f592c 
ld: warning: ignoring file /Library/Developer/CommandLineTools/SDKs/MacOSX.sdk/usr/lib/libSystem.tbd, file was built for unsupported file format ( 0x2D 0x2D 0x2D 0x20 0x21 0x74 0x61 0x70 0x69 0x2D 0x74 0x62 0x64 0x2D 0x76 0x33 ) which is not the architecture being linked (x86_64): /Library/Developer/CommandLineTools/SDKs/MacOSX.sdk/usr/lib/libSystem.tbd
ld: dynamic main executables must link with libSystem.dylib for architecture x86_64
clang-4.0: error: linker command failed with exit code 1 (use -v to see invocation)
make[1]: *** [cmTC_f592c] Error 1
make: *** [cmTC_f592c/fast] Error 2



